<?xml version="1.0" encoding="UTF-8"?>
<!-- Generated by org.testng.reporters.JUnitReportReporter -->
<testsuite hostname="01-18-argaprayoga" failures="0" tests="1" name="TestCase1" time="1.211" errors="0" timestamp="2023-02-14T10:39:42 WIB" skipped="0">
  <testcase classname="TestCase1" name="firstTry" time="1.211"/>
  <system-out/>
</testsuite> <!-- TestCase1 -->
