<?xml version="1.0" encoding="UTF-8"?>
<!-- Generated by org.testng.reporters.JUnitReportReporter -->
<testsuite hostname="01-18-argaprayoga" failures="0" tests="1" name="AUTest4" time="0.878" errors="0" timestamp="2023-02-14T10:34:35 WIB" skipped="0">
  <testcase classname="AUTest4" name="firstTry" time="0.878"/>
  <system-out/>
</testsuite> <!-- AUTest4 -->
