<?xml version="1.0" encoding="UTF-8"?>
<!-- Generated by org.testng.reporters.JUnitReportReporter -->
<testsuite hostname="01-18-argaprayoga" failures="0" tests="1" name="AUTest2" time="3.120" errors="0" timestamp="2023-02-14T10:12:39 WIB" skipped="0">
  <testcase classname="AUTest2" name="firstTry" time="3.120"/>
  <system-out/>
</testsuite> <!-- AUTest2 -->
