<?xml version="1.0" encoding="UTF-8"?>
<!-- Generated by org.testng.reporters.JUnitReportReporter -->
<testsuite hostname="01-18-argaprayoga" failures="0" tests="1" name="AUTest3" time="0.808" errors="0" timestamp="2023-02-14T10:22:10 WIB" skipped="0">
  <testcase classname="AUTest3" name="firstTry" time="0.808"/>
  <system-out/>
</testsuite> <!-- AUTest3 -->
